Start testing: Mar 18 21:38 CET
----------------------------------------------------------
1/7 Testing: Graph can connect output to input
1/7 Test: Graph can connect output to input
Command: "/Users/even/Desktop/test project/build/graph_tests" "Graph can connect output to input"
Directory: /Users/even/Desktop/test project/build
"Graph can connect output to input" start time: Mar 18 21:38 CET
Output:
----------------------------------------------------------
Filters: "Graph can connect output to input"
Randomness seeded to: 1996088226
===============================================================================
All tests passed (6 assertions in 1 test case)

<end of output>
Test time =   0.02 sec
----------------------------------------------------------
Test Passed.
"Graph can connect output to input" end time: Mar 18 21:38 CET
"Graph can connect output to input" time elapsed: 00:00:00
----------------------------------------------------------

2/7 Testing: Compiler rejects graph without output
2/7 Test: Compiler rejects graph without output
Command: "/Users/even/Desktop/test project/build/graph_tests" "Compiler rejects graph without output"
Directory: /Users/even/Desktop/test project/build
"Compiler rejects graph without output" start time: Mar 18 21:38 CET
Output:
----------------------------------------------------------
Filters: "Compiler rejects graph without output"
Randomness seeded to: 3635049317
===============================================================================
All tests passed (2 assertions in 1 test case)

<end of output>
Test time =   0.02 sec
----------------------------------------------------------
Test Passed.
"Compiler rejects graph without output" end time: Mar 18 21:38 CET
"Compiler rejects graph without output" time elapsed: 00:00:00
----------------------------------------------------------

3/7 Testing: Validator rejects cycle-producing connection
3/7 Test: Validator rejects cycle-producing connection
Command: "/Users/even/Desktop/test project/build/graph_tests" "Validator rejects cycle-producing connection"
Directory: /Users/even/Desktop/test project/build
"Validator rejects cycle-producing connection" start time: Mar 18 21:38 CET
Output:
----------------------------------------------------------
Filters: "Validator rejects cycle-producing connection"
Randomness seeded to: 1251972425
===============================================================================
All tests passed (5 assertions in 1 test case)

<end of output>
Test time =   0.02 sec
----------------------------------------------------------
Test Passed.
"Validator rejects cycle-producing connection" end time: Mar 18 21:38 CET
"Validator rejects cycle-producing connection" time elapsed: 00:00:00
----------------------------------------------------------

4/7 Testing: Patch serializer roundtrip preserves graph shape
4/7 Test: Patch serializer roundtrip preserves graph shape
Command: "/Users/even/Desktop/test project/build/graph_tests" "Patch serializer roundtrip preserves graph shape"
Directory: /Users/even/Desktop/test project/build
"Patch serializer roundtrip preserves graph shape" start time: Mar 18 21:38 CET
Output:
----------------------------------------------------------
Filters: "Patch serializer roundtrip preserves graph shape"
Randomness seeded to: 3590498597
===============================================================================
All tests passed (37 assertions in 1 test case)

<end of output>
Test time =   0.02 sec
----------------------------------------------------------
Test Passed.
"Patch serializer roundtrip preserves graph shape" end time: Mar 18 21:38 CET
"Patch serializer roundtrip preserves graph shape" time elapsed: 00:00:00
----------------------------------------------------------

5/7 Testing: Audio engine processes filter-delay-mixer graph
5/7 Test: Audio engine processes filter-delay-mixer graph
Command: "/Users/even/Desktop/test project/build/graph_tests" "Audio engine processes filter-delay-mixer graph"
Directory: /Users/even/Desktop/test project/build
"Audio engine processes filter-delay-mixer graph" start time: Mar 18 21:38 CET
Output:
----------------------------------------------------------
Filters: "Audio engine processes filter-delay-mixer graph"
Randomness seeded to: 2387987174
===============================================================================
All tests passed (526 assertions in 1 test case)

<end of output>
Test time =   0.02 sec
----------------------------------------------------------
Test Passed.
"Audio engine processes filter-delay-mixer graph" end time: Mar 18 21:38 CET
"Audio engine processes filter-delay-mixer graph" time elapsed: 00:00:00
----------------------------------------------------------

6/7 Testing: Synth MIDI draw mode overrides chord preset
6/7 Test: Synth MIDI draw mode overrides chord preset
Command: "/Users/even/Desktop/test project/build/graph_tests" "Synth MIDI draw mode overrides chord preset"
Directory: /Users/even/Desktop/test project/build
"Synth MIDI draw mode overrides chord preset" start time: Mar 18 21:38 CET
Output:
----------------------------------------------------------
Filters: "Synth MIDI draw mode overrides chord preset"
Randomness seeded to: 645426805
===============================================================================
All tests passed (4101 assertions in 1 test case)

<end of output>
Test time =   0.02 sec
----------------------------------------------------------
Test Passed.
"Synth MIDI draw mode overrides chord preset" end time: Mar 18 21:38 CET
"Synth MIDI draw mode overrides chord preset" time elapsed: 00:00:00
----------------------------------------------------------

7/7 Testing: Transport stop produces silence
7/7 Test: Transport stop produces silence
Command: "/Users/even/Desktop/test project/build/graph_tests" "Transport stop produces silence"
Directory: /Users/even/Desktop/test project/build
"Transport stop produces silence" start time: Mar 18 21:38 CET
Output:
----------------------------------------------------------
Filters: "Transport stop produces silence"
Randomness seeded to: 69884571
===============================================================================
All tests passed (516 assertions in 1 test case)

<end of output>
Test time =   0.02 sec
----------------------------------------------------------
Test Passed.
"Transport stop produces silence" end time: Mar 18 21:38 CET
"Transport stop produces silence" time elapsed: 00:00:00
----------------------------------------------------------

End testing: Mar 18 21:38 CET
