Start testing: Mar 17 23:06 CET
----------------------------------------------------------
1/4 Testing: Graph can connect output to input
1/4 Test: Graph can connect output to input
Command: "/Users/even/Desktop/test project/build/graph_tests" "Graph can connect output to input"
Directory: /Users/even/Desktop/test project/build
"Graph can connect output to input" start time: Mar 17 23:06 CET
Output:
----------------------------------------------------------
Filters: "Graph can connect output to input"
Randomness seeded to: 4221046437
===============================================================================
All tests passed (6 assertions in 1 test case)

<end of output>
Test time =   0.02 sec
----------------------------------------------------------
Test Passed.
"Graph can connect output to input" end time: Mar 17 23:06 CET
"Graph can connect output to input" time elapsed: 00:00:00
----------------------------------------------------------

2/4 Testing: Compiler rejects graph without output
2/4 Test: Compiler rejects graph without output
Command: "/Users/even/Desktop/test project/build/graph_tests" "Compiler rejects graph without output"
Directory: /Users/even/Desktop/test project/build
"Compiler rejects graph without output" start time: Mar 17 23:06 CET
Output:
----------------------------------------------------------
Filters: "Compiler rejects graph without output"
Randomness seeded to: 392985975
===============================================================================
All tests passed (2 assertions in 1 test case)

<end of output>
Test time =   0.02 sec
----------------------------------------------------------
Test Passed.
"Compiler rejects graph without output" end time: Mar 17 23:06 CET
"Compiler rejects graph without output" time elapsed: 00:00:00
----------------------------------------------------------

3/4 Testing: Validator rejects cycle-producing connection
3/4 Test: Validator rejects cycle-producing connection
Command: "/Users/even/Desktop/test project/build/graph_tests" "Validator rejects cycle-producing connection"
Directory: /Users/even/Desktop/test project/build
"Validator rejects cycle-producing connection" start time: Mar 17 23:06 CET
Output:
----------------------------------------------------------
Filters: "Validator rejects cycle-producing connection"
Randomness seeded to: 7354661
===============================================================================
All tests passed (5 assertions in 1 test case)

<end of output>
Test time =   0.01 sec
----------------------------------------------------------
Test Passed.
"Validator rejects cycle-producing connection" end time: Mar 17 23:06 CET
"Validator rejects cycle-producing connection" time elapsed: 00:00:00
----------------------------------------------------------

4/4 Testing: Patch serializer roundtrip preserves graph shape
4/4 Test: Patch serializer roundtrip preserves graph shape
Command: "/Users/even/Desktop/test project/build/graph_tests" "Patch serializer roundtrip preserves graph shape"
Directory: /Users/even/Desktop/test project/build
"Patch serializer roundtrip preserves graph shape" start time: Mar 17 23:06 CET
Output:
----------------------------------------------------------
Filters: "Patch serializer roundtrip preserves graph shape"
Randomness seeded to: 1087222379
===============================================================================
All tests passed (9 assertions in 1 test case)

<end of output>
Test time =   0.01 sec
----------------------------------------------------------
Test Passed.
"Patch serializer roundtrip preserves graph shape" end time: Mar 17 23:06 CET
"Patch serializer roundtrip preserves graph shape" time elapsed: 00:00:00
----------------------------------------------------------

End testing: Mar 17 23:06 CET
